#
# There is insufficient memory for the Java Runtime Environment to continue.
# Native memory allocation (malloc) failed to allocate 449920 bytes for Chunk::new
# Possible reasons:
#   The system is out of physical RAM or swap space
#   The process is running with CompressedOops enabled, and the Java Heap may be blocking the growth of the native heap
# Possible solutions:
#   Reduce memory load on the system
#   Increase physical memory or swap space
#   Check if swap backing store is full
#   Decrease Java heap size (-Xmx/-Xms)
#   Decrease number of Java threads
#   Decrease Java thread stack sizes (-Xss)
#   Set larger code cache with -XX:ReservedCodeCacheSize=
#   JVM is running with Zero Based Compressed Oops mode in which the Java heap is
#     placed in the first 32GB address space. The Java Heap base address is the
#     maximum limit for the native heap growth. Please use -XX:HeapBaseMinAddress
#     to set the Java Heap base and to place the Java Heap above 32GB virtual address.
# This output file may be truncated or incomplete.
#
#  Out of Memory Error (allocation.cpp:389), pid=124696, tid=0x000000000001f9c8
#
# JRE version: Java(TM) SE Runtime Environment (8.0_221-b11) (build 1.8.0_221-b11)
# Java VM: Java HotSpot(TM) 64-Bit Server VM (25.221-b11 mixed mode windows-amd64 compressed oops)
# Failed to write core dump. Minidumps are not enabled by default on client versions of Windows
#

---------------  T H R E A D  ---------------

Current thread (0x000000001eb35800):  JavaThread "C2 CompilerThread1" daemon [_thread_in_native, id=129480, stack(0x000000001f3a0000,0x000000001f4a0000)]

Stack: [0x000000001f3a0000,0x000000001f4a0000]
[error occurred during error reporting (printing stack bounds), id 0xc0000005]

Native frames: (J=compiled Java code, j=interpreted, Vv=VM code, C=native code)


Current CompileTask:
C2:   5979 4529       4       org.springframework.util.ReflectionUtils::findMethod (111 bytes)


---------------  P R O C E S S  ---------------

Java Threads: ( => current thread )
  0x0000000020957800 JavaThread "commons-pool-EvictionTimer" daemon [_thread_blocked, id=125020, stack(0x0000000025be0000,0x0000000025ce0000)]
  0x000000001ebcb000 JavaThread "Service Thread" daemon [_thread_blocked, id=122668, stack(0x000000001f6a0000,0x000000001f7a0000)]
  0x000000001eb40800 JavaThread "C1 CompilerThread3" daemon [_thread_blocked, id=115196, stack(0x000000001f5a0000,0x000000001f6a0000)]
  0x000000001eb3a800 JavaThread "C2 CompilerThread2" daemon [_thread_in_native, id=129356, stack(0x000000001f4a0000,0x000000001f5a0000)]
=>0x000000001eb35800 JavaThread "C2 CompilerThread1" daemon [_thread_in_native, id=129480, stack(0x000000001f3a0000,0x000000001f4a0000)]
  0x000000001eb33800 JavaThread "C2 CompilerThread0" daemon [_thread_in_native, id=12348, stack(0x000000001f2a0000,0x000000001f3a0000)]
  0x000000001eb31000 JavaThread "Attach Listener" daemon [_thread_blocked, id=106808, stack(0x000000001f1a0000,0x000000001f2a0000)]
  0x000000001eb30000 JavaThread "Signal Dispatcher" daemon [_thread_blocked, id=112100, stack(0x000000001f0a0000,0x000000001f1a0000)]
  0x000000001eac0800 JavaThread "Finalizer" daemon [_thread_blocked, id=118792, stack(0x000000001efa0000,0x000000001f0a0000)]
  0x0000000003256000 JavaThread "Reference Handler" daemon [_thread_blocked, id=100684, stack(0x000000001eea0000,0x000000001efa0000)]
  0x0000000003162800 JavaThread "main" [_thread_in_native, id=108012, stack(0x0000000002f60000,0x0000000003060000)]

Other Threads:
  0x000000001cc99800 VMThread [stack: 0x000000001e9a0000,0x000000001eaa0000] [id=126788]
  0x000000001eb7a000 WatcherThread [stack: 0x000000001f7a0000,0x000000001f8a0000] [id=4728]

VM state:not at safepoint (normal execution)

VM Mutex/Monitor currently owned by a thread: None

heap address: 0x00000006c1800000, size: 4072 MB, Compressed Oops mode: Zero based, Oop shift amount: 3
Narrow klass base: 0x0000000000000000, Narrow klass shift: 3
Compressed class space size: 1073741824 Address: 0x00000007c0000000

Heap:
 PSYoungGen      total 229376K, used 90617K [0x000000076b300000, 0x000000077b680000, 0x00000007c0000000)
  eden space 220672K, 37% used [0x000000076b300000,0x0000000770378d88,0x0000000778a80000)
  from space 8704K, 94% used [0x000000077ae00000,0x000000077b605988,0x000000077b680000)
  to   space 14848K, 0% used [0x0000000779980000,0x0000000779980000,0x000000077a800000)
 ParOldGen       total 166400K, used 18347K [0x00000006c1800000, 0x00000006cba80000, 0x000000076b300000)
  object space 166400K, 11% used [0x00000006c1800000,0x00000006c29eac40,0x00000006cba80000)
 Metaspace       used 42327K, capacity 43034K, committed 43264K, reserved 1087488K
  class space    used 5141K, capacity 5319K, committed 5376K, reserved 1048576K

Card table byte_map: [0x0000000012620000,0x0000000012e20000] byte_map_base: 0x000000000f014000

Marking Bits: (ParMarkBitMap*) 0x0000000062535ce0
 Begin Bits: [0x0000000013b70000, 0x0000000017b10000)
 End Bits:   [0x0000000017b10000, 0x000000001bab0000)

Polling page: 0x00000000009e0000

CodeCache: size=245760Kb used=17354Kb max_used=17354Kb free=228405Kb
 bounds [0x0000000003260000, 0x0000000004370000, 0x0000000012260000]
 total_blobs=5116 nmethods=4428 adapters=598
 compilation: enabled

Compilation events (10 events):
Event: 5.898 Thread 0x000000001eb40800 5101  s    2       java.io.ByteArrayOutputStream::toByteArray (12 bytes)
Event: 5.898 Thread 0x000000001eb40800 nmethod 5101 0x0000000004353ed0 code [0x0000000004354040, 0x0000000004354428]
Event: 5.898 Thread 0x000000001eb40800 5102       1       sun.util.calendar.CalendarDate::isNormalized (5 bytes)
Event: 5.898 Thread 0x000000001eb40800 nmethod 5102 0x0000000004354550 code [0x00000000043546a0, 0x00000000043547b0]
Event: 5.899 Thread 0x000000001eb40800 5103       2       sun.misc.IOUtils::readFully (138 bytes)
Event: 5.899 Thread 0x000000001eb40800 nmethod 5103 0x0000000004354810 code [0x00000000043549c0, 0x0000000004355098]
Event: 5.899 Thread 0x000000001eb40800 5104       2       sun.security.util.DerInputStream::<init> (19 bytes)
Event: 5.899 Thread 0x000000001eb40800 nmethod 5104 0x0000000004355390 code [0x00000000043554e0, 0x0000000004355650]
Event: 5.900 Thread 0x000000001eb40800 5105 %     3       sun.security.provider.SHA::implCompress @ 203 (491 bytes)
Event: 5.901 Thread 0x000000001eb40800 nmethod 5105% 0x0000000004355710 code [0x0000000004355920, 0x0000000004356348]

GC Heap History (10 events):
Event: 2.529 GC heap before
{Heap before GC invocations=6 (full 1):
 PSYoungGen      total 108032K, used 107799K [0x000000076b300000, 0x0000000774180000, 0x00000007c0000000)
  eden space 103936K, 100% used [0x000000076b300000,0x0000000771880000,0x0000000771880000)
  from space 4096K, 94% used [0x0000000773d80000,0x0000000774145c70,0x0000000774180000)
  to   space 10752K, 0% used [0x0000000772c80000,0x0000000772c80000,0x0000000773700000)
 ParOldGen       total 106496K, used 10709K [0x00000006c1800000, 0x00000006c8000000, 0x000000076b300000)
  object space 106496K, 10% used [0x00000006c1800000,0x00000006c2275438,0x00000006c8000000)
 Metaspace       used 27831K, capacity 28278K, committed 28416K, reserved 1075200K
  class space    used 3424K, capacity 3536K, committed 3584K, reserved 1048576K
Event: 2.536 GC heap after
Heap after GC invocations=6 (full 1):
 PSYoungGen      total 135168K, used 8235K [0x000000076b300000, 0x0000000776f00000, 0x00000007c0000000)
  eden space 124416K, 0% used [0x000000076b300000,0x000000076b300000,0x0000000772c80000)
  from space 10752K, 76% used [0x0000000772c80000,0x000000077348add8,0x0000000773700000)
  to   space 15872K, 0% used [0x0000000775f80000,0x0000000775f80000,0x0000000776f00000)
 ParOldGen       total 106496K, used 10717K [0x00000006c1800000, 0x00000006c8000000, 0x000000076b300000)
  object space 106496K, 10% used [0x00000006c1800000,0x00000006c2277438,0x00000006c8000000)
 Metaspace       used 27831K, capacity 28278K, committed 28416K, reserved 1075200K
  class space    used 3424K, capacity 3536K, committed 3584K, reserved 1048576K
}
Event: 3.756 GC heap before
{Heap before GC invocations=7 (full 1):
 PSYoungGen      total 135168K, used 132651K [0x000000076b300000, 0x0000000776f00000, 0x00000007c0000000)
  eden space 124416K, 100% used [0x000000076b300000,0x0000000772c80000,0x0000000772c80000)
  from space 10752K, 76% used [0x0000000772c80000,0x000000077348add8,0x0000000773700000)
  to   space 15872K, 0% used [0x0000000775f80000,0x0000000775f80000,0x0000000776f00000)
 ParOldGen       total 106496K, used 10717K [0x00000006c1800000, 0x00000006c8000000, 0x000000076b300000)
  object space 106496K, 10% used [0x00000006c1800000,0x00000006c2277438,0x00000006c8000000)
 Metaspace       used 33985K, capacity 34420K, committed 34816K, reserved 1079296K
  class space    used 4187K, capacity 4277K, committed 4352K, reserved 1048576K
Event: 3.765 GC heap after
Heap after GC invocations=7 (full 1):
 PSYoungGen      total 176640K, used 11496K [0x000000076b300000, 0x0000000778880000, 0x00000007c0000000)
  eden space 160768K, 0% used [0x000000076b300000,0x000000076b300000,0x0000000775000000)
  from space 15872K, 72% used [0x0000000775f80000,0x0000000776aba250,0x0000000776f00000)
  to   space 15872K, 0% used [0x0000000775000000,0x0000000775000000,0x0000000775f80000)
 ParOldGen       total 106496K, used 10725K [0x00000006c1800000, 0x00000006c8000000, 0x000000076b300000)
  object space 106496K, 10% used [0x00000006c1800000,0x00000006c2279438,0x00000006c8000000)
 Metaspace       used 33985K, capacity 34420K, committed 34816K, reserved 1079296K
  class space    used 4187K, capacity 4277K, committed 4352K, reserved 1048576K
}
Event: 4.195 GC heap before
{Heap before GC invocations=8 (full 1):
 PSYoungGen      total 176640K, used 68014K [0x000000076b300000, 0x0000000778880000, 0x00000007c0000000)
  eden space 160768K, 35% used [0x000000076b300000,0x000000076ea317f8,0x0000000775000000)
  from space 15872K, 72% used [0x0000000775f80000,0x0000000776aba250,0x0000000776f00000)
  to   space 15872K, 0% used [0x0000000775000000,0x0000000775000000,0x0000000775f80000)
 ParOldGen       total 106496K, used 10725K [0x00000006c1800000, 0x00000006c8000000, 0x000000076b300000)
  object space 106496K, 10% used [0x00000006c1800000,0x00000006c2279438,0x00000006c8000000)
 Metaspace       used 34746K, capacity 35186K, committed 35456K, reserved 1081344K
  class space    used 4267K, capacity 4378K, committed 4480K, reserved 1048576K
Event: 4.203 GC heap after
Heap after GC invocations=8 (full 1):
 PSYoungGen      total 176640K, used 8956K [0x000000076b300000, 0x000000077bd00000, 0x00000007c0000000)
  eden space 160768K, 0% used [0x000000076b300000,0x000000076b300000,0x0000000775000000)
  from space 15872K, 56% used [0x0000000775000000,0x00000007758bf1b8,0x0000000775f80000)
  to   space 15360K, 0% used [0x000000077ae00000,0x000000077ae00000,0x000000077bd00000)
 ParOldGen       total 106496K, used 10733K [0x00000006c1800000, 0x00000006c8000000, 0x000000076b300000)
  object space 106496K, 10% used [0x00000006c1800000,0x00000006c227b438,0x00000006c8000000)
 Metaspace       used 34746K, capacity 35186K, committed 35456K, reserved 1081344K
  class space    used 4267K, capacity 4378K, committed 4480K, reserved 1048576K
}
Event: 4.203 GC heap before
{Heap before GC invocations=9 (full 2):
 PSYoungGen      total 176640K, used 8956K [0x000000076b300000, 0x000000077bd00000, 0x00000007c0000000)
  eden space 160768K, 0% used [0x000000076b300000,0x000000076b300000,0x0000000775000000)
  from space 15872K, 56% used [0x0000000775000000,0x00000007758bf1b8,0x0000000775f80000)
  to   space 15360K, 0% used [0x000000077ae00000,0x000000077ae00000,0x000000077bd00000)
 ParOldGen       total 106496K, used 10733K [0x00000006c1800000, 0x00000006c8000000, 0x000000076b300000)
  object space 106496K, 10% used [0x00000006c1800000,0x00000006c227b438,0x00000006c8000000)
 Metaspace       used 34746K, capacity 35186K, committed 35456K, reserved 1081344K
  class space    used 4267K, capacity 4378K, committed 4480K, reserved 1048576K
Event: 4.291 GC heap after
Heap after GC invocations=9 (full 2):
 PSYoungGen      total 176640K, used 0K [0x000000076b300000, 0x000000077bd00000, 0x00000007c0000000)
  eden space 160768K, 0% used [0x000000076b300000,0x000000076b300000,0x0000000775000000)
  from space 15872K, 0% used [0x0000000775000000,0x0000000775000000,0x0000000775f80000)
  to   space 15360K, 0% used [0x000000077ae00000,0x000000077ae00000,0x000000077bd00000)
 ParOldGen       total 166400K, used 18339K [0x00000006c1800000, 0x00000006cba80000, 0x000000076b300000)
  object space 166400K, 11% used [0x00000006c1800000,0x00000006c29e8c40,0x00000006cba80000)
 Metaspace       used 34746K, capacity 35186K, committed 35456K, reserved 1081344K
  class space    used 4267K, capacity 4378K, committed 4480K, reserved 1048576K
}
Event: 5.330 GC heap before
{Heap before GC invocations=10 (full 2):
 PSYoungGen      total 176640K, used 160768K [0x000000076b300000, 0x000000077bd00000, 0x00000007c0000000)
  eden space 160768K, 100% used [0x000000076b300000,0x0000000775000000,0x0000000775000000)
  from space 15872K, 0% used [0x0000000775000000,0x0000000775000000,0x0000000775f80000)
  to   space 15360K, 0% used [0x000000077ae00000,0x000000077ae00000,0x000000077bd00000)
 ParOldGen       total 166400K, used 18339K [0x00000006c1800000, 0x00000006cba80000, 0x000000076b300000)
  object space 166400K, 11% used [0x00000006c1800000,0x00000006c29e8c40,0x00000006cba80000)
 Metaspace       used 38236K, capacity 38862K, committed 38912K, reserved 1083392K
  class space    used 4699K, capacity 4820K, committed 4864K, reserved 1048576K
Event: 5.339 GC heap after
Heap after GC invocations=10 (full 2):
 PSYoungGen      total 229376K, used 8214K [0x000000076b300000, 0x000000077b680000, 0x00000007c0000000)
  eden space 220672K, 0% used [0x000000076b300000,0x000000076b300000,0x0000000778a80000)
  from space 8704K, 94% used [0x000000077ae00000,0x000000077b605988,0x000000077b680000)
  to   space 14848K, 0% used [0x0000000779980000,0x0000000779980000,0x000000077a800000)
 ParOldGen       total 166400K, used 18347K [0x00000006c1800000, 0x00000006cba80000, 0x000000076b300000)
  object space 166400K, 11% used [0x00000006c1800000,0x00000006c29eac40,0x00000006cba80000)
 Metaspace       used 38236K, capacity 38862K, committed 38912K, reserved 1083392K
  class space    used 4699K, capacity 4820K, committed 4864K, reserved 1048576K
}

Deoptimization events (10 events):
Event: 5.764 Thread 0x0000000003162800 Uncommon trap: reason=unstable_if action=reinterpret pc=0x00000000042ee04c method=java.lang.Class.getEnclosingMethodInfo()Ljava/lang/Class$EnclosingMethodInfo; @ 6
Event: 5.837 Thread 0x0000000003162800 Uncommon trap: reason=unstable_if action=reinterpret pc=0x00000000036af598 method=java.util.jar.JarFile.maybeInstantiateVerifier()V @ 75
Event: 5.852 Thread 0x0000000003162800 Uncommon trap: reason=unstable_if action=reinterpret pc=0x00000000039fcadc method=java.util.HashMap.putVal(ILjava/lang/Object;Ljava/lang/Object;ZZ)Ljava/lang/Object; @ 236
Event: 5.863 Thread 0x0000000003162800 Uncommon trap: reason=unstable_if action=reinterpret pc=0x000000000405b794 method=java.lang.CharacterDataLatin1.isWhitespace(I)Z @ 14
Event: 5.863 Thread 0x0000000003162800 Uncommon trap: reason=unstable_if action=reinterpret pc=0x000000000352eabc method=java.lang.CharacterDataLatin1.isWhitespace(I)Z @ 14
Event: 5.872 Thread 0x0000000003162800 Uncommon trap: reason=unstable_if action=reinterpret pc=0x0000000003ad06ac method=java.security.CodeSource.getCertificates()[Ljava/security/cert/Certificate; @ 22
Event: 5.890 Thread 0x0000000003162800 Uncommon trap: reason=class_check action=maybe_recompile pc=0x0000000003dc39d8 method=java.util.AbstractList$Itr.hasNext()Z @ 8
Event: 5.890 Thread 0x0000000003162800 Uncommon trap: reason=class_check action=maybe_recompile pc=0x0000000003e5fb98 method=java.util.AbstractList$Itr.next()Ljava/lang/Object; @ 14
Event: 5.892 Thread 0x0000000003162800 Uncommon trap: reason=class_check action=maybe_recompile pc=0x0000000003dc39d8 method=java.util.AbstractList$Itr.hasNext()Z @ 8
Event: 5.892 Thread 0x0000000003162800 Uncommon trap: reason=class_check action=maybe_recompile pc=0x0000000003e5fb98 method=java.util.AbstractList$Itr.next()Ljava/lang/Object; @ 14

Classes redefined (0 events):
No events

Internal exceptions (10 events):
Event: 5.775 Thread 0x0000000003162800 Exception <a 'java/lang/ClassNotFoundException': org/springframework/boot/autoconfigure/context/ConfigurationPropertiesAutoConfiguration$$EnhancerBySpringCGLIB$$b34102bCustomizer> (0x000000076fb3a728) thrown at [C:\re\workspace\8-2-build-windows-amd64-cyg
Event: 5.776 Thread 0x0000000003162800 Exception <a 'java/lang/ClassNotFoundException': org/springframework/context/annotation/ConfigurationClassEnhancer$EnhancedConfigurationCustomizer> (0x000000076fb66d98) thrown at [C:\re\workspace\8-2-build-windows-amd64-cygwin\jdk8u221\13320\hotspot\src\s
Event: 5.777 Thread 0x0000000003162800 Exception <a 'java/lang/ClassNotFoundException': java/lang/ObjectCustomizer> (0x000000076fb9f388) thrown at [C:\re\workspace\8-2-build-windows-amd64-cygwin\jdk8u221\13320\hotspot\src\share\vm\classfile\systemDictionary.cpp, line 210]
Event: 5.777 Thread 0x0000000003162800 Exception <a 'java/lang/ClassNotFoundException': org/springframework/boot/autoconfigure/dao/PersistenceExceptionTranslationAutoConfigurationCustomizer> (0x000000076fbcaad0) thrown at [C:\re\workspace\8-2-build-windows-amd64-cygwin\jdk8u221\13320\hotspot\s
Event: 5.780 Thread 0x0000000003162800 Exception <a 'java/lang/ClassNotFoundException': java/lang/ObjectCustomizer> (0x000000076fbff5f8) thrown at [C:\re\workspace\8-2-build-windows-amd64-cygwin\jdk8u221\13320\hotspot\src\share\vm\classfile\systemDictionary.cpp, line 210]
Event: 5.780 Thread 0x0000000003162800 Exception <a 'java/lang/ClassNotFoundException': org/springframework/boot/autoconfigure/mongo/MongoPropertiesCustomizer> (0x000000076fc218d0) thrown at [C:\re\workspace\8-2-build-windows-amd64-cygwin\jdk8u221\13320\hotspot\src\share\vm\classfile\systemDic
Event: 5.785 Thread 0x0000000003162800 Exception <a 'java/lang/ClassNotFoundException': java/lang/ObjectCustomizer> (0x000000076fd19300) thrown at [C:\re\workspace\8-2-build-windows-amd64-cygwin\jdk8u221\13320\hotspot\src\share\vm\classfile\systemDictionary.cpp, line 210]
Event: 5.785 Thread 0x0000000003162800 Exception <a 'java/lang/ClassNotFoundException': org/springframework/boot/autoconfigure/mongo/MongoAutoConfigurationCustomizer> (0x000000076fd3d398) thrown at [C:\re\workspace\8-2-build-windows-amd64-cygwin\jdk8u221\13320\hotspot\src\share\vm\classfile\sy
Event: 5.786 Thread 0x0000000003162800 Exception <a 'java/lang/ClassNotFoundException': org/springframework/boot/autoconfigure/mongo/MongoAutoConfiguration$$EnhancerBySpringCGLIB$$7357a63bCustomizer> (0x000000076fd69900) thrown at [C:\re\workspace\8-2-build-windows-amd64-cygwin\jdk8u221\13320\
Event: 5.786 Thread 0x0000000003162800 Exception <a 'java/lang/ClassNotFoundException': org/springframework/context/annotation/ConfigurationClassEnhancer$EnhancedConfigurationCustomizer> (0x000000076fd96be0) thrown at [C:\re\workspace\8-2-build-windows-amd64-cygwin\jdk8u221\13320\hotspot\src\s

Events (10 events):
Event: 5.900 Thread 0x0000000003162800 DEOPT PACKING pc=0x0000000003677ba4 sp=0x0000000003057100
Event: 5.900 Thread 0x0000000003162800 DEOPT UNPACKING pc=0x00000000032a7890 sp=0x0000000003056e20 mode 0
Event: 5.900 loading class java/net/NetworkInterface
Event: 5.901 loading class java/net/NetworkInterface done
Event: 5.901 loading class java/net/NetworkInterface$1
Event: 5.901 loading class java/net/NetworkInterface$1 done
Event: 5.901 loading class java/net/InterfaceAddress
Event: 5.901 loading class java/net/InterfaceAddress done
Event: 5.901 loading class java/net/DefaultInterface
Event: 5.901 loading class java/net/DefaultInterface done


Dynamic libraries:
0x00007ff790010000 - 0x00007ff790047000 	C:\Program Files\Java\jdk1.8.0_221\jre\bin\java.exe
0x00007ff9c62c0000 - 0x00007ff9c64b0000 	C:\WINDOWS\SYSTEM32\ntdll.dll
0x00007ff9c44a0000 - 0x00007ff9c4552000 	C:\WINDOWS\System32\KERNEL32.DLL
0x00007ff9c3680000 - 0x00007ff9c3925000 	C:\WINDOWS\System32\KERNELBASE.dll
0x00007ff9c4370000 - 0x00007ff9c4413000 	C:\WINDOWS\System32\ADVAPI32.dll
0x00007ff9c5050000 - 0x00007ff9c50ee000 	C:\WINDOWS\System32\msvcrt.dll
0x00007ff9c5660000 - 0x00007ff9c56f7000 	C:\WINDOWS\System32\sechost.dll
0x00007ff9c5c60000 - 0x00007ff9c5d7f000 	C:\WINDOWS\System32\RPCRT4.dll
0x00007ff9c5a10000 - 0x00007ff9c5ba4000 	C:\WINDOWS\System32\USER32.dll
0x00007ff9c3240000 - 0x00007ff9c3261000 	C:\WINDOWS\System32\win32u.dll
0x00007ff9c4690000 - 0x00007ff9c46b6000 	C:\WINDOWS\System32\GDI32.dll
0x00007ff9c3300000 - 0x00007ff9c3498000 	C:\WINDOWS\System32\gdi32full.dll
0x00007ff9c42d0000 - 0x00007ff9c436e000 	C:\WINDOWS\System32\msvcp_win.dll
0x00007ff9c3930000 - 0x00007ff9c3a2a000 	C:\WINDOWS\System32\ucrtbase.dll
0x00007ff9b0fd0000 - 0x00007ff9b1254000 	C:\WINDOWS\WinSxS\amd64_microsoft.windows.common-controls_6595b64144ccf1df_6.0.18362.1316_none_9e7a364fe461dbd7\COMCTL32.dll
0x00007ff9c5d90000 - 0x00007ff9c60c7000 	C:\WINDOWS\System32\combase.dll
0x00007ff9c3270000 - 0x00007ff9c32f1000 	C:\WINDOWS\System32\bcryptPrimitives.dll
0x00007ff9c6250000 - 0x00007ff9c627e000 	C:\WINDOWS\System32\IMM32.DLL
0x00000000632c0000 - 0x0000000063392000 	C:\Program Files\Java\jdk1.8.0_221\jre\bin\msvcr100.dll
0x0000000061d10000 - 0x00000000625b5000 	C:\Program Files\Java\jdk1.8.0_221\jre\bin\server\jvm.dll
0x00007ff9c5170000 - 0x00007ff9c5178000 	C:\WINDOWS\System32\PSAPI.DLL
0x00007ff9bc2e0000 - 0x00007ff9bc2ea000 	C:\WINDOWS\SYSTEM32\VERSION.dll
0x00007ff9c0e00000 - 0x00007ff9c0e24000 	C:\WINDOWS\SYSTEM32\WINMM.dll
0x00007ff9b3860000 - 0x00007ff9b3869000 	C:\WINDOWS\SYSTEM32\WSOCK32.dll
0x00007ff9c46c0000 - 0x00007ff9c472f000 	C:\WINDOWS\System32\WS2_32.dll
0x00007ff9c0930000 - 0x00007ff9c095d000 	C:\WINDOWS\SYSTEM32\WINMMBASE.dll
0x00007ff9c4260000 - 0x00007ff9c42aa000 	C:\WINDOWS\System32\cfgmgr32.dll
0x00007ff9bf900000 - 0x00007ff9bf90f000 	C:\Program Files\Java\jdk1.8.0_221\jre\bin\verify.dll
0x00007ff9b2610000 - 0x00007ff9b2639000 	C:\Program Files\Java\jdk1.8.0_221\jre\bin\java.dll
0x00007ff9bf660000 - 0x00007ff9bf676000 	C:\Program Files\Java\jdk1.8.0_221\jre\bin\zip.dll
0x00007ff9c47c0000 - 0x00007ff9c4ea8000 	C:\WINDOWS\System32\SHELL32.dll
0x00007ff9c61a0000 - 0x00007ff9c6247000 	C:\WINDOWS\System32\shcore.dll
0x00007ff9c3ae0000 - 0x00007ff9c425b000 	C:\WINDOWS\System32\windows.storage.dll
0x00007ff9c3210000 - 0x00007ff9c3233000 	C:\WINDOWS\System32\profapi.dll
0x00007ff9c31a0000 - 0x00007ff9c31ea000 	C:\WINDOWS\System32\powrprof.dll
0x00007ff9c3170000 - 0x00007ff9c3180000 	C:\WINDOWS\System32\UMPDC.dll
0x00007ff9c4560000 - 0x00007ff9c45b2000 	C:\WINDOWS\System32\shlwapi.dll
0x00007ff9c31f0000 - 0x00007ff9c3201000 	C:\WINDOWS\System32\kernel.appcore.dll
0x00007ff9c42b0000 - 0x00007ff9c42c7000 	C:\WINDOWS\System32\cryptsp.dll
0x00007ff9b27d0000 - 0x00007ff9b27dd000 	C:\Program Files\Java\jdk1.8.0_221\jre\bin\management.dll
0x00007ff9bdea0000 - 0x00007ff9bdeba000 	C:\Program Files\Java\jdk1.8.0_221\jre\bin\net.dll
0x00007ff9b3e90000 - 0x00007ff9b4066000 	C:\WINDOWS\SYSTEM32\urlmon.dll
0x00007ff9b9590000 - 0x00007ff9b9837000 	C:\WINDOWS\SYSTEM32\iertutil.dll
0x00007ff9c2b80000 - 0x00007ff9c2b8c000 	C:\WINDOWS\SYSTEM32\CRYPTBASE.DLL
0x00007ff9c29b0000 - 0x00007ff9c2a17000 	C:\WINDOWS\system32\mswsock.dll
0x00007ff9ab980000 - 0x00007ff9ab996000 	C:\WINDOWS\system32\napinsp.dll
0x00007ff9ab960000 - 0x00007ff9ab97a000 	C:\WINDOWS\system32\pnrpnsp.dll
0x00007ff9c2700000 - 0x00007ff9c27cb000 	C:\WINDOWS\SYSTEM32\DNSAPI.dll
0x00007ff9c5d80000 - 0x00007ff9c5d88000 	C:\WINDOWS\System32\NSI.dll
0x00007ff9c26c0000 - 0x00007ff9c26fa000 	C:\WINDOWS\SYSTEM32\IPHLPAPI.DLL
0x00007ff9ab8c0000 - 0x00007ff9ab8ce000 	C:\WINDOWS\System32\winrnr.dll
0x00007ff9bf600000 - 0x00007ff9bf61c000 	C:\WINDOWS\system32\NLAapi.dll
0x00007ff9ab8a0000 - 0x00007ff9ab8b5000 	C:\WINDOWS\system32\wshbth.dll
0x00007ff9b84e0000 - 0x00007ff9b84ea000 	C:\Windows\System32\rasadhlp.dll
0x00007ff9b85c0000 - 0x00007ff9b8637000 	C:\WINDOWS\System32\fwpuclnt.dll
0x00007ff9c35f0000 - 0x00007ff9c3616000 	C:\WINDOWS\System32\bcrypt.dll
0x00007ff9bde50000 - 0x00007ff9bde62000 	C:\Program Files\Java\jdk1.8.0_221\jre\bin\nio.dll
0x00007ff9af030000 - 0x00007ff9af054000 	C:\Program Files\Java\jdk1.8.0_221\jre\bin\sunec.dll
0x00007ff9ba280000 - 0x00007ff9ba296000 	C:\WINDOWS\SYSTEM32\dhcpcsvc6.DLL
0x00007ff9ba260000 - 0x00007ff9ba27c000 	C:\WINDOWS\SYSTEM32\dhcpcsvc.DLL

VM Arguments:
java_command: D:\wjh\zhidui\quan\springboot-manage\target\surefire\surefirebooter6409614462366973349.jar D:\wjh\zhidui\quan\springboot-manage\target\surefire\surefire2355028135779054545tmp D:\wjh\zhidui\quan\springboot-manage\target\surefire\surefire_07834608169643744690tmp
java_class_path (initial): D:\wjh\zhidui\quan\springboot-manage\target\surefire\surefirebooter6409614462366973349.jar
Launcher Type: SUN_STANDARD

Environment Variables:
JAVA_HOME=C:\Program Files\Java\jdk1.8.0_221
PATH=C:/Program Files/Java/jdk1.8.0_221/bin/../jre/bin/server;C:/Program Files/Java/jdk1.8.0_221/bin/../jre/bin;C:/Program Files/Java/jdk1.8.0_221/bin/../jre/lib/amd64;D:\app\lenovo;D:\app\lenovo\bin;C:\Python38\Scripts\;C:\Python38\;C:\Program Files\Java\jdk1.8.0_221\bin;C:\Program Files\Common Files\Oracle\Java\javapath;D:\gsc\tools\instantclient-basic-win32-11.2.0.1.0\instantclient_11_2;C:\Program Files (x86)\Common Files\Oracle\Java\javapath;D:\oracle\product\10.2.0\client_1\bin;C:\Program Files (x86)\Intel\iCLS Client\;C:\Program Files\Intel\iCLS Client\;C:\WINDOWS\system32;C:\WINDOWS;C:\WINDOWS\System32\Wbem;C:\WINDOWS\System32\WindowsPowerShell\v1.0\;C:\Program Files (x86)\Intel\Intel(R) Management Engine Components\DAL;C:\Program Files\Intel\Intel(R) Management Engine Components\DAL;C:\Program Files (x86)\Intel\Intel(R) Management Engine Components\IPT;C:\Program Files\Intel\Intel(R) Management Engine Components\IPT;C:\WINDOWS\System32\OpenSSH\;C:\Program Files\Git\cmd;D:\Program Files\Tesseract-OCR;C:\Program Files (x86)\Common Files\Business Objects\3.0\bin;C:\Program Files (x86)\Common Files\Business Objects\3.0\crystalreportviewers11\ActiveXControls;C:\Program Files (x86)\ZeroTier\One\;D:\wjh\php-7.3.3-Win32-VC15-x64;C:\ProgramData\ComposerSetup\bin;C:\Program Files\nodejs\;C:\ProgramData\chocolatey\bin;C:\Program Files (x86)\Yarn\bin\;C:\Program Files\dotnet\;D:\wjh\apache-maven-3.3.9\apache-maven-3.3.9\bin\;C:\Program Files\VisualSVN Server\bin;C:\Program Files\TortoiseSVN\bin;C:\Users\lenovo\AppData\Local\Microsoft\WindowsApps;;C:\Users\lenovo\AppData\Roaming\Composer\vendor\bin;C:\Users\lenovo\AppData\Roaming\npm;C:\Users\lenovo\AppData\Local\Yarn\bin;C:\Users\lenovo\.dotnet\tools;D:\wjh\eclipse\eclipse;
USERNAME=lenovo
OS=Windows_NT
PROCESSOR_IDENTIFIER=Intel64 Family 6 Model 142 Stepping 10, GenuineIntel



---------------  S Y S T E M  ---------------

OS: Windows 10.0 , 64 bit Build 18362 (10.0.18362.1316)

CPU:total 8 (initial active 8) (4 cores per cpu, 2 threads per core) family 6 model 142 stepping 10, cmov, cx8, fxsr, mmx, sse, sse2, sse3, ssse3, sse4.1, sse4.2, popcnt, avx, avx2, clmul, erms, 3dnowpref, lzcnt, ht, tsc, tscinvbit, bmi1, bmi2, adx

Memory: 4k page, physical 16676436k(5808932k free), swap 67008084k(15532k free)

vm_info: Java HotSpot(TM) 64-Bit Server VM (25.221-b11) for windows-amd64 JRE (1.8.0_221-b11), built on Jul  4 2019 04:39:29 by "java_re" with MS VC++ 10.0 (VS2010)

time: Thu Apr 15 08:24:36 2021
timezone: 中国标准时间
elapsed time: 5 seconds (0d 0h 0m 5s)

