#
# There is insufficient memory for the Java Runtime Environment to continue.
# Native memory allocation (malloc) failed to allocate 279056 bytes for Chunk::new
# Possible reasons:
#   The system is out of physical RAM or swap space
#   The process is running with CompressedOops enabled, and the Java Heap may be blocking the growth of the native heap
# Possible solutions:
#   Reduce memory load on the system
#   Increase physical memory or swap space
#   Check if swap backing store is full
#   Decrease Java heap size (-Xmx/-Xms)
#   Decrease number of Java threads
#   Decrease Java thread stack sizes (-Xss)
#   Set larger code cache with -XX:ReservedCodeCacheSize=
#   JVM is running with Zero Based Compressed Oops mode in which the Java heap is
#     placed in the first 32GB address space. The Java Heap base address is the
#     maximum limit for the native heap growth. Please use -XX:HeapBaseMinAddress
#     to set the Java Heap base and to place the Java Heap above 32GB virtual address.
# This output file may be truncated or incomplete.
#
#  Out of Memory Error (allocation.cpp:389), pid=110448, tid=0x000000000001f30c
#
# JRE version: Java(TM) SE Runtime Environment (8.0_221-b11) (build 1.8.0_221-b11)
# Java VM: Java HotSpot(TM) 64-Bit Server VM (25.221-b11 mixed mode windows-amd64 compressed oops)
# Failed to write core dump. Minidumps are not enabled by default on client versions of Windows
#

---------------  T H R E A D  ---------------

Current thread (0x000000001e7f6000):  JavaThread "C2 CompilerThread1" daemon [_thread_in_native, id=127756, stack(0x000000001f0c0000,0x000000001f1c0000)]

Stack: [0x000000001f0c0000,0x000000001f1c0000]
[error occurred during error reporting (printing stack bounds), id 0xc0000005]

Native frames: (J=compiled Java code, j=interpreted, Vv=VM code, C=native code)


Current CompileTask:
C2:   1016  824       4       java.io.WinNTFileSystem::normalize (231 bytes)


---------------  P R O C E S S  ---------------

Java Threads: ( => current thread )
  0x000000001e889000 JavaThread "Service Thread" daemon [_thread_blocked, id=124452, stack(0x000000001f3c0000,0x000000001f4c0000)]
  0x000000001e801800 JavaThread "C1 CompilerThread3" daemon [_thread_blocked, id=123568, stack(0x000000001f2c0000,0x000000001f3c0000)]
  0x000000001e7f7000 JavaThread "C2 CompilerThread2" daemon [_thread_blocked, id=123128, stack(0x000000001f1c0000,0x000000001f2c0000)]
=>0x000000001e7f6000 JavaThread "C2 CompilerThread1" daemon [_thread_in_native, id=127756, stack(0x000000001f0c0000,0x000000001f1c0000)]
  0x000000001e7f4000 JavaThread "C2 CompilerThread0" daemon [_thread_in_native, id=127328, stack(0x000000001efc0000,0x000000001f0c0000)]
  0x000000001e7ed800 JavaThread "Attach Listener" daemon [_thread_blocked, id=125076, stack(0x000000001eec0000,0x000000001efc0000)]
  0x000000001e79b800 JavaThread "Signal Dispatcher" daemon [_thread_blocked, id=126380, stack(0x000000001edc0000,0x000000001eec0000)]
  0x000000001e781000 JavaThread "Finalizer" daemon [_thread_blocked, id=127864, stack(0x000000001ec60000,0x000000001ed60000)]
  0x000000001e780800 JavaThread "Reference Handler" daemon [_thread_blocked, id=126452, stack(0x000000001eb60000,0x000000001ec60000)]
  0x0000000002e02800 JavaThread "main" [_thread_in_Java, id=99888, stack(0x0000000002d00000,0x0000000002e00000)]

Other Threads:
  0x000000001c989000 VMThread [stack: 0x000000001e660000,0x000000001e760000] [id=127152]
  0x000000001e832800 WatcherThread [stack: 0x000000001f4c0000,0x000000001f5c0000] [id=99496]

VM state:not at safepoint (normal execution)

VM Mutex/Monitor currently owned by a thread: None

heap address: 0x00000006c1800000, size: 4072 MB, Compressed Oops mode: Zero based, Oop shift amount: 3
Narrow klass base: 0x0000000000000000, Narrow klass shift: 3
Compressed class space size: 1073741824 Address: 0x00000007c0000000

Heap:
 PSYoungGen      total 76288K, used 54180K [0x000000076b300000, 0x0000000770800000, 0x00000007c0000000)
  eden space 65536K, 82% used [0x000000076b300000,0x000000076e7e9058,0x000000076f300000)
  from space 10752K, 0% used [0x000000076fd80000,0x000000076fd80000,0x0000000770800000)
  to   space 10752K, 0% used [0x000000076f300000,0x000000076f300000,0x000000076fd80000)
 ParOldGen       total 175104K, used 0K [0x00000006c1800000, 0x00000006cc300000, 0x000000076b300000)
  object space 175104K, 0% used [0x00000006c1800000,0x00000006c1800000,0x00000006cc300000)
 Metaspace       used 9126K, capacity 9304K, committed 9344K, reserved 1056768K
  class space    used 1114K, capacity 1150K, committed 1152K, reserved 1048576K

Card table byte_map: [0x00000000122c0000,0x0000000012ac0000] byte_map_base: 0x000000000ecb4000

Marking Bits: (ParMarkBitMap*) 0x0000000062535ce0
 Begin Bits: [0x0000000013810000, 0x00000000177b0000)
 End Bits:   [0x00000000177b0000, 0x000000001b750000)

Polling page: 0x0000000000b20000

CodeCache: size=245760Kb used=3366Kb max_used=3366Kb free=242393Kb
 bounds [0x0000000002f00000, 0x0000000003250000, 0x0000000011f00000]
 total_blobs=1146 nmethods=838 adapters=220
 compilation: enabled

Compilation events (10 events):
Event: 0.998 Thread 0x000000001e801800  836       3       java.util.concurrent.locks.ReentrantLock$NonfairSync::lock (25 bytes)
Event: 0.998 Thread 0x000000001e801800 nmethod 836 0x000000000324aa10 code [0x000000000324abe0, 0x000000000324b4b8]
Event: 0.998 Thread 0x000000001e801800  837       3       java.util.concurrent.locks.AbstractQueuedSynchronizer::compareAndSetState (13 bytes)
Event: 0.998 Thread 0x000000001e801800 nmethod 837 0x0000000003246d50 code [0x0000000003246ea0, 0x0000000003247010]
Event: 0.998 Thread 0x000000001e801800  838       3       sun.reflect.generics.parser.SignatureParser::parseClassTypeSignatureSuffix (29 bytes)
Event: 0.999 Thread 0x000000001e801800 nmethod 838 0x000000000324b750 code [0x000000000324b900, 0x000000000324bc78]
Event: 0.999 Thread 0x000000001e801800  839       3       sun.reflect.generics.tree.ClassTypeSignature::make (9 bytes)
Event: 0.999 Thread 0x000000001e801800 nmethod 839 0x000000000324bdd0 code [0x000000000324bf40, 0x000000000324c190]
Event: 0.999 Thread 0x000000001e801800  840       3       sun.reflect.generics.tree.ClassTypeSignature::<init> (10 bytes)
Event: 0.999 Thread 0x000000001e801800 nmethod 840 0x000000000324c290 code [0x000000000324c3e0, 0x000000000324c5b0]

GC Heap History (0 events):
No events

Deoptimization events (9 events):
Event: 0.341 Thread 0x0000000002e02800 Uncommon trap: reason=unstable_if action=reinterpret pc=0x00000000030bf0a8 method=java.lang.String.indexOf([CII[CIII)I @ 123
Event: 0.398 Thread 0x0000000002e02800 Uncommon trap: reason=unstable_if action=reinterpret pc=0x00000000030e2a1c method=sun.misc.MetaIndex.mayContain(Ljava/lang/String;)Z @ 13
Event: 0.618 Thread 0x0000000002e02800 Uncommon trap: reason=unstable_if action=reinterpret pc=0x0000000003103b88 method=java.util.Properties$LineReader.readLine()I @ 246
Event: 0.685 Thread 0x0000000002e02800 Uncommon trap: reason=unstable_if action=reinterpret pc=0x00000000031599f8 method=java.io.WinNTFileSystem.normalize(Ljava/lang/String;)Ljava/lang/String; @ 128
Event: 0.685 Thread 0x0000000002e02800 Uncommon trap: reason=unstable_if action=reinterpret pc=0x0000000003105ac0 method=java.lang.String.indexOf([CII[CIII)I @ 3
Event: 0.769 Thread 0x0000000002e02800 Uncommon trap: reason=unstable_if action=reinterpret pc=0x000000000313d358 method=java.lang.AbstractStringBuilder.append(Ljava/lang/String;)Ljava/lang/AbstractStringBuilder; @ 1
Event: 0.769 Thread 0x0000000002e02800 Uncommon trap: reason=unstable_if action=reinterpret pc=0x00000000030fb450 method=java.lang.AbstractStringBuilder.append(Ljava/lang/String;)Ljava/lang/AbstractStringBuilder; @ 1
Event: 0.902 Thread 0x0000000002e02800 Uncommon trap: reason=range_check action=make_not_entrant pc=0x0000000003145aa8 method=sun.reflect.generics.parser.SignatureParser.current()C @ 34
Event: 0.952 Thread 0x0000000002e02800 Uncommon trap: reason=unstable_if action=reinterpret pc=0x000000000318b378 method=java.util.Properties$LineReader.readLine()I @ 105

Classes redefined (0 events):
No events

Internal exceptions (10 events):
Event: 0.347 Thread 0x0000000002e02800 Exception <a 'java/security/PrivilegedActionException'> (0x000000076be8c948) thrown at [C:\re\workspace\8-2-build-windows-amd64-cygwin\jdk8u221\13320\hotspot\src\share\vm\prims\jvm.cpp, line 1502]
Event: 0.348 Thread 0x0000000002e02800 Exception <a 'java/security/PrivilegedActionException'> (0x000000076be90c28) thrown at [C:\re\workspace\8-2-build-windows-amd64-cygwin\jdk8u221\13320\hotspot\src\share\vm\prims\jvm.cpp, line 1502]
Event: 0.348 Thread 0x0000000002e02800 Exception <a 'java/security/PrivilegedActionException'> (0x000000076be91020) thrown at [C:\re\workspace\8-2-build-windows-amd64-cygwin\jdk8u221\13320\hotspot\src\share\vm\prims\jvm.cpp, line 1502]
Event: 0.396 Thread 0x0000000002e02800 Exception <a 'java/io/FileNotFoundException'> (0x000000076bfef2c0) thrown at [C:\re\workspace\8-2-build-windows-amd64-cygwin\jdk8u221\13320\hotspot\src\share\vm\prims\jni.cpp, line 710]
Event: 0.538 Thread 0x0000000002e02800 Exception <a 'java/lang/NoSuchMethodError': org.slf4j.impl.StaticMDCBinder.getSingleton()Lorg/slf4j/impl/StaticMDCBinder;> (0x000000076c5e5860) thrown at [C:\re\workspace\8-2-build-windows-amd64-cygwin\jdk8u221\13320\hotspot\src\share\vm\interpreter\linkR
Event: 0.769 Thread 0x0000000002e02800 Implicit null exception at 0x000000000313cf96 to 0x000000000313d341
Event: 0.769 Thread 0x0000000002e02800 Implicit null exception at 0x00000000030fb096 to 0x00000000030fb439
Event: 0.903 Thread 0x0000000002e02800 Exception <a 'java/lang/ArrayIndexOutOfBoundsException': 18> (0x000000076dd53200) thrown at [C:\re\workspace\8-2-build-windows-amd64-cygwin\jdk8u221\13320\hotspot\src\share\vm\interpreter\interpreterRuntime.cpp, line 368]
Event: 0.903 Thread 0x0000000002e02800 Exception <a 'java/lang/ArrayIndexOutOfBoundsException': 182> (0x000000076dd54f20) thrown at [C:\re\workspace\8-2-build-windows-amd64-cygwin\jdk8u221\13320\hotspot\src\share\vm\interpreter\interpreterRuntime.cpp, line 368]
Event: 0.952 Thread 0x0000000002e02800 Implicit null exception at 0x000000000318ab47 to 0x000000000318b345

Events (10 events):
Event: 1.011 loading class org/springframework/boot/logging/LoggingSystem$NoOpLoggingSystem
Event: 1.011 loading class org/springframework/boot/logging/LoggingSystem$NoOpLoggingSystem done
Event: 1.012 loading class java/util/Collections$UnmodifiableMap$UnmodifiableEntrySet
Event: 1.012 loading class java/util/Collections$UnmodifiableMap$UnmodifiableEntrySet done
Event: 1.012 loading class java/util/Collections$UnmodifiableMap$UnmodifiableEntrySet$1
Event: 1.012 loading class java/util/Collections$UnmodifiableMap$UnmodifiableEntrySet$1 done
Event: 1.012 loading class java/util/Collections$UnmodifiableMap$UnmodifiableEntrySet$UnmodifiableEntry
Event: 1.012 loading class java/util/Collections$UnmodifiableMap$UnmodifiableEntrySet$UnmodifiableEntry done
Event: 1.012 loading class org/springframework/boot/logging/logback/LogbackLoggingSystem
Event: 1.012 loading class org/springframework/boot/logging/logback/LogbackLoggingSystem done


Dynamic libraries:
0x00007ff7e6460000 - 0x00007ff7e6497000 	C:\Program Files\Java\jdk1.8.0_221\jre\bin\java.exe
0x00007ff9c62c0000 - 0x00007ff9c64b0000 	C:\WINDOWS\SYSTEM32\ntdll.dll
0x00007ff9c44a0000 - 0x00007ff9c4552000 	C:\WINDOWS\System32\KERNEL32.DLL
0x00007ff9c3680000 - 0x00007ff9c3925000 	C:\WINDOWS\System32\KERNELBASE.dll
0x00007ff9c4370000 - 0x00007ff9c4413000 	C:\WINDOWS\System32\ADVAPI32.dll
0x00007ff9c5050000 - 0x00007ff9c50ee000 	C:\WINDOWS\System32\msvcrt.dll
0x00007ff9c5660000 - 0x00007ff9c56f7000 	C:\WINDOWS\System32\sechost.dll
0x00007ff9c5c60000 - 0x00007ff9c5d7f000 	C:\WINDOWS\System32\RPCRT4.dll
0x00007ff9c5a10000 - 0x00007ff9c5ba4000 	C:\WINDOWS\System32\USER32.dll
0x00007ff9c3240000 - 0x00007ff9c3261000 	C:\WINDOWS\System32\win32u.dll
0x00007ff9c4690000 - 0x00007ff9c46b6000 	C:\WINDOWS\System32\GDI32.dll
0x00007ff9c3300000 - 0x00007ff9c3498000 	C:\WINDOWS\System32\gdi32full.dll
0x00007ff9c42d0000 - 0x00007ff9c436e000 	C:\WINDOWS\System32\msvcp_win.dll
0x00007ff9c3930000 - 0x00007ff9c3a2a000 	C:\WINDOWS\System32\ucrtbase.dll
0x00007ff9b0fd0000 - 0x00007ff9b1254000 	C:\WINDOWS\WinSxS\amd64_microsoft.windows.common-controls_6595b64144ccf1df_6.0.18362.1316_none_9e7a364fe461dbd7\COMCTL32.dll
0x00007ff9c5d90000 - 0x00007ff9c60c7000 	C:\WINDOWS\System32\combase.dll
0x00007ff9c3270000 - 0x00007ff9c32f1000 	C:\WINDOWS\System32\bcryptPrimitives.dll
0x00007ff9c6250000 - 0x00007ff9c627e000 	C:\WINDOWS\System32\IMM32.DLL
0x00000000600e0000 - 0x00000000601b2000 	C:\Program Files\Java\jdk1.8.0_221\jre\bin\msvcr100.dll
0x0000000061d10000 - 0x00000000625b5000 	C:\Program Files\Java\jdk1.8.0_221\jre\bin\server\jvm.dll
0x00007ff9c5170000 - 0x00007ff9c5178000 	C:\WINDOWS\System32\PSAPI.DLL
0x00007ff9c0e00000 - 0x00007ff9c0e24000 	C:\WINDOWS\SYSTEM32\WINMM.dll
0x00007ff9b3860000 - 0x00007ff9b3869000 	C:\WINDOWS\SYSTEM32\WSOCK32.dll
0x00007ff9bc2e0000 - 0x00007ff9bc2ea000 	C:\WINDOWS\SYSTEM32\VERSION.dll
0x00007ff9c46c0000 - 0x00007ff9c472f000 	C:\WINDOWS\System32\WS2_32.dll
0x00007ff9c0930000 - 0x00007ff9c095d000 	C:\WINDOWS\SYSTEM32\WINMMBASE.dll
0x00007ff9c4260000 - 0x00007ff9c42aa000 	C:\WINDOWS\System32\cfgmgr32.dll
0x00007ff9bf660000 - 0x00007ff9bf66f000 	C:\Program Files\Java\jdk1.8.0_221\jre\bin\verify.dll
0x00007ff9b25a0000 - 0x00007ff9b25c9000 	C:\Program Files\Java\jdk1.8.0_221\jre\bin\java.dll
0x00007ff9bbe50000 - 0x00007ff9bbe66000 	C:\Program Files\Java\jdk1.8.0_221\jre\bin\zip.dll
0x00007ff9c47c0000 - 0x00007ff9c4ea8000 	C:\WINDOWS\System32\SHELL32.dll
0x00007ff9c61a0000 - 0x00007ff9c6247000 	C:\WINDOWS\System32\shcore.dll
0x00007ff9c3ae0000 - 0x00007ff9c425b000 	C:\WINDOWS\System32\windows.storage.dll
0x00007ff9c3210000 - 0x00007ff9c3233000 	C:\WINDOWS\System32\profapi.dll
0x00007ff9c31a0000 - 0x00007ff9c31ea000 	C:\WINDOWS\System32\powrprof.dll
0x00007ff9c3170000 - 0x00007ff9c3180000 	C:\WINDOWS\System32\UMPDC.dll
0x00007ff9c4560000 - 0x00007ff9c45b2000 	C:\WINDOWS\System32\shlwapi.dll
0x00007ff9c31f0000 - 0x00007ff9c3201000 	C:\WINDOWS\System32\kernel.appcore.dll
0x00007ff9c42b0000 - 0x00007ff9c42c7000 	C:\WINDOWS\System32\cryptsp.dll

VM Arguments:
java_command: D:\wjh\zhidui\quan\springboot-manage\target\surefire\surefirebooter1856546722069540151.jar D:\wjh\zhidui\quan\springboot-manage\target\surefire\surefire8356242269764910563tmp D:\wjh\zhidui\quan\springboot-manage\target\surefire\surefire_09054256421899464046tmp
java_class_path (initial): D:\wjh\zhidui\quan\springboot-manage\target\surefire\surefirebooter1856546722069540151.jar
Launcher Type: SUN_STANDARD

Environment Variables:
JAVA_HOME=C:\Program Files\Java\jdk1.8.0_221
PATH=C:/Program Files/Java/jdk1.8.0_221/bin/../jre/bin/server;C:/Program Files/Java/jdk1.8.0_221/bin/../jre/bin;C:/Program Files/Java/jdk1.8.0_221/bin/../jre/lib/amd64;D:\app\lenovo;D:\app\lenovo\bin;C:\Python38\Scripts\;C:\Python38\;C:\Program Files\Java\jdk1.8.0_221\bin;C:\Program Files\Common Files\Oracle\Java\javapath;D:\gsc\tools\instantclient-basic-win32-11.2.0.1.0\instantclient_11_2;C:\Program Files (x86)\Common Files\Oracle\Java\javapath;D:\oracle\product\10.2.0\client_1\bin;C:\Program Files (x86)\Intel\iCLS Client\;C:\Program Files\Intel\iCLS Client\;C:\WINDOWS\system32;C:\WINDOWS;C:\WINDOWS\System32\Wbem;C:\WINDOWS\System32\WindowsPowerShell\v1.0\;C:\Program Files (x86)\Intel\Intel(R) Management Engine Components\DAL;C:\Program Files\Intel\Intel(R) Management Engine Components\DAL;C:\Program Files (x86)\Intel\Intel(R) Management Engine Components\IPT;C:\Program Files\Intel\Intel(R) Management Engine Components\IPT;C:\WINDOWS\System32\OpenSSH\;C:\Program Files\Git\cmd;D:\Program Files\Tesseract-OCR;C:\Program Files (x86)\Common Files\Business Objects\3.0\bin;C:\Program Files (x86)\Common Files\Business Objects\3.0\crystalreportviewers11\ActiveXControls;C:\Program Files (x86)\ZeroTier\One\;D:\wjh\php-7.3.3-Win32-VC15-x64;C:\ProgramData\ComposerSetup\bin;C:\Program Files\nodejs\;C:\ProgramData\chocolatey\bin;C:\Program Files (x86)\Yarn\bin\;C:\Program Files\dotnet\;D:\wjh\apache-maven-3.3.9\apache-maven-3.3.9\bin\;C:\Users\lenovo\AppData\Local\Microsoft\WindowsApps;;C:\Users\lenovo\AppData\Roaming\Composer\vendor\bin;C:\Users\lenovo\AppData\Roaming\npm;C:\Users\lenovo\AppData\Local\Yarn\bin;C:\Users\lenovo\.dotnet\tools;D:\wjh\eclipse\eclipse;
USERNAME=lenovo
OS=Windows_NT
PROCESSOR_IDENTIFIER=Intel64 Family 6 Model 142 Stepping 10, GenuineIntel



---------------  S Y S T E M  ---------------

OS: Windows 10.0 , 64 bit Build 18362 (10.0.18362.1316)

CPU:total 8 (initial active 8) (4 cores per cpu, 2 threads per core) family 6 model 142 stepping 10, cmov, cx8, fxsr, mmx, sse, sse2, sse3, ssse3, sse4.1, sse4.2, popcnt, avx, avx2, clmul, erms, 3dnowpref, lzcnt, ht, tsc, tscinvbit, bmi1, bmi2, adx

Memory: 4k page, physical 16676436k(3953948k free), swap 67008084k(5192k free)

vm_info: Java HotSpot(TM) 64-Bit Server VM (25.221-b11) for windows-amd64 JRE (1.8.0_221-b11), built on Jul  4 2019 04:39:29 by "java_re" with MS VC++ 10.0 (VS2010)

time: Tue Apr 13 07:52:57 2021
timezone: 中国标准时间
elapsed time: 1 seconds (0d 0h 0m 1s)

